<?xml version="1.0" encoding="UTF-8"?>
<!-- Generated by org.testng.reporters.JUnitReportReporter -->
<testsuite hostname="LAPTOP-L4BCUUKM" name="com.konnectco.login.Login" tests="1" failures="0" timestamp="18 Feb 2020 12:20:09 GMT" time="44.469" errors="0">
  <testcase name="kLogin" time="44.469" classname="com.konnectco.login.Login"/>
</testsuite> <!-- com.konnectco.login.Login -->
